<?xml version="1.0" encoding="UTF-8"?>
<!-- Generated by org.testng.reporters.JUnitXMLReporter -->
<testsuite hostname="DESKTOP-K270L54" ignored="0" name="Test" tests="2" failures="1" timestamp="2020-02-12T20:04:09 CST" time="0.044" errors="0">
  <testcase name="testApp on Test(org.selenium.com.SeleniumTest.AppTest)" time="0.01" classname="org.selenium.com.SeleniumTest.AppTest">
    <failure type="junit.framework.AssertionFailedError">
      <![CDATA[junit.framework.AssertionFailedError
at junit.framework.Assert.fail(Assert.java:47)
at junit.framework.Assert.assertTrue(Assert.java:20)
at junit.framework.Assert.assertTrue(Assert.java:27)
at org.selenium.com.SeleniumTest.AppTest.testApp(AppTest.java:37)
at java.util.ArrayList.forEach(Unknown Source)
... Removed 27 stack frames]]>
    </failure>
  </testcase> <!-- testApp on Test(org.selenium.com.SeleniumTest.AppTest) -->
  <testcase name="method1" time="0.001" classname="org.selenium.com.SeleniumTest.EmptyClass"/>
</testsuite> <!-- Test -->
